<?xml version="1.0" encoding="UTF-8"?>
<!-- Generated by org.testng.reporters.JUnitXMLReporter -->
<testsuite hostname="IN5CG6434YRX" ignored="0" name="HomeLoan Enquiry " tests="13" failures="0" timestamp="19 Feb 2019 07:42:48 GMT" time="0.172" errors="0">
  <testcase name="APILogIn" time="0.015" classname="TestngXML_Package.Login"/>
  <testcase name="MobileLogIn" time="0.0" classname="TestngXML_Package.Login"/>
  <testcase name="MobileSignIn" time="0.016" classname="TestngXML_Package.Login"/>
  <testcase name="ParameterTest" time="0.0" classname="TestngXML_Package.Login"/>
  <testcase name="WebLogIn" time="0.016" classname="TestngXML_Package.Login"/>
  <testcase name="APIHomeLoan" time="0.016" classname="TestngXML_Package.HomeLoan"/>
  <testcase name="MobileHomeLoan" time="0.015" classname="TestngXML_Package.HomeLoan"/>
  <testcase name="ParameterTest" time="0.0" classname="TestngXML_Package.HomeLoan"/>
  <testcase name="WebPersonalLoan" time="0.0" classname="TestngXML_Package.HomeLoan"/>
  <testcase name="APILogout" time="0.0" classname="TestngXML_Package.Logout"/>
  <testcase name="MobileLogout" time="0.0" classname="TestngXML_Package.Logout"/>
  <testcase name="MobileSignOut" time="0.015" classname="TestngXML_Package.Logout"/>
  <testcase name="WebLogout" time="0.0" classname="TestngXML_Package.Logout"/>
</testsuite> <!-- HomeLoan Enquiry  -->
