<?xml version="1.0" encoding="UTF-8"?>
<!-- Generated by org.testng.reporters.JUnitXMLReporter -->
<testsuite hostname="IN5CG6434YRX" ignored="0" name="Test" tests="4" failures="1" timestamp="10 Mar 2019 03:44:47 GMT" time="0.091" errors="0">
  <testcase name="APILogout" time="0.012" classname="TestngXML_Package.Logout"/>
  <testcase name="MobileLogout" time="0.008" classname="TestngXML_Package.Logout">
    <failure type="java.lang.AssertionError" message="expected [true] but found [false]">
      <![CDATA[java.lang.AssertionError: expected [true] but found [false]
	at TestngXML_Package.Logout.MobileLogout(Logout.java:22)
... Removed 29 stack frames]]>
    </failure>
  </testcase> <!-- MobileLogout -->
  <testcase name="MobileSignOut" time="0.003" classname="TestngXML_Package.Logout"/>
  <testcase name="WebLogout" time="0.002" classname="TestngXML_Package.Logout"/>
</testsuite> <!-- Test -->
